Start testing: Jul 04 00:56 India Standard Time
----------------------------------------------------------
1/1 Testing: ai_npc_fsm_tests
1/1 Test: ai_npc_fsm_tests
Command: "D:/Visual Studio Files/ai-npc-simulation/build-mingw/bin/ai_npc_tests.exe"
Directory: D:/Visual Studio Files/ai-npc-simulation/build-mingw/tests
"ai_npc_fsm_tests" start time: Jul 04 00:56 India Standard Time
Output:
----------------------------------------------------------
All NPC FSM tests passed.
<end of output>
Test time =   0.05 sec
----------------------------------------------------------
Test Passed.
"ai_npc_fsm_tests" end time: Jul 04 00:56 India Standard Time
"ai_npc_fsm_tests" time elapsed: 00:00:00
----------------------------------------------------------

End testing: Jul 04 00:56 India Standard Time
